<?xml version="1.0" encoding="UTF-8"?>
<testng-results ignored="0" total="1" passed="1" failed="0" skipped="0">
  <reporter-output>
  </reporter-output>
  <suite started-at="2020-12-07T11:03:28 IST" name="Default suite" finished-at="2020-12-07T11:04:52 IST" duration-ms="84202">
    <groups>
    </groups>
    <test started-at="2020-12-07T11:03:28 IST" name="Default test" finished-at="2020-12-07T11:04:52 IST" duration-ms="84202">
      <class name="test.Varification">
        <test-method is-config="true" signature="launchBrowser()[pri:0, instance:test.Varification@6bf0219d]" started-at="2020-12-07T11:03:28 IST" name="launchBrowser" finished-at="2020-12-07T11:03:45 IST" duration-ms="17777" status="PASS">
          <reporter-output>
          </reporter-output>
        </test-method> <!-- launchBrowser -->
        <test-method signature="init()[pri:0, instance:test.Varification@6bf0219d]" started-at="2020-12-07T11:03:45 IST" name="init" finished-at="2020-12-07T11:04:52 IST" duration-ms="66349" status="PASS">
          <reporter-output>
          </reporter-output>
        </test-method> <!-- init -->
      </class> <!-- test.Varification -->
    </test> <!-- Default test -->
  </suite> <!-- Default suite -->
</testng-results>
